<?xml version="1.0" encoding="UTF-8"?>
<testng-results ignored="0" total="3" passed="2" failed="1" skipped="0">
  <reporter-output>
  </reporter-output>
  <suite started-at="2023-04-24T12:43:38Z" name="Default suite" finished-at="2023-04-24T12:45:58Z" duration-ms="139762">
    <groups>
    </groups>
    <test started-at="2023-04-24T12:43:38Z" name="Default test" finished-at="2023-04-24T12:45:58Z" duration-ms="139762">
      <class name="session3.LoginPageTest">
        <test-method is-config="true" signature="setUp()[pri:0, instance:session3.LoginPageTest@7a55af6b]" started-at="2023-04-24T12:43:38Z" name="setUp" finished-at="2023-04-24T12:44:12Z" duration-ms="33916" status="PASS">
          <reporter-output>
          </reporter-output>
        </test-method> <!-- setUp -->
        <test-method signature="loginPageTitleTest()[pri:1, instance:session3.LoginPageTest@7a55af6b]" started-at="2023-04-24T12:44:12Z" name="loginPageTitleTest" finished-at="2023-04-24T12:44:12Z" duration-ms="29" status="PASS">
          <reporter-output>
          </reporter-output>
        </test-method> <!-- loginPageTitleTest -->
        <test-method is-config="true" signature="tearDown()[pri:0, instance:session3.LoginPageTest@7a55af6b]" started-at="2023-04-24T12:44:12Z" name="tearDown" finished-at="2023-04-24T12:44:12Z" duration-ms="367" status="PASS">
          <reporter-output>
          </reporter-output>
        </test-method> <!-- tearDown -->
        <test-method is-config="true" signature="setUp()[pri:0, instance:session3.LoginPageTest@7a55af6b]" started-at="2023-04-24T12:44:12Z" name="setUp" finished-at="2023-04-24T12:44:45Z" duration-ms="32120" status="PASS">
          <reporter-output>
          </reporter-output>
        </test-method> <!-- setUp -->
        <test-method signature="signUpLinkTest()[pri:2, instance:session3.LoginPageTest@7a55af6b]" started-at="2023-04-24T12:44:45Z" name="signUpLinkTest" finished-at="2023-04-24T12:44:45Z" duration-ms="107" status="PASS">
          <reporter-output>
          </reporter-output>
        </test-method> <!-- signUpLinkTest -->
        <test-method is-config="true" signature="tearDown()[pri:0, instance:session3.LoginPageTest@7a55af6b]" started-at="2023-04-24T12:44:45Z" name="tearDown" finished-at="2023-04-24T12:44:45Z" duration-ms="493" status="PASS">
          <reporter-output>
          </reporter-output>
        </test-method> <!-- tearDown -->
        <test-method is-config="true" signature="setUp()[pri:0, instance:session3.LoginPageTest@7a55af6b]" started-at="2023-04-24T12:44:45Z" name="setUp" finished-at="2023-04-24T12:45:19Z" duration-ms="33582" status="PASS">
          <reporter-output>
          </reporter-output>
        </test-method> <!-- setUp -->
        <test-method signature="loginTest()[pri:3, instance:session3.LoginPageTest@7a55af6b]" started-at="2023-04-24T12:45:19Z" name="loginTest" finished-at="2023-04-24T12:45:57Z" duration-ms="38052" status="FAIL">
          <exception class="java.lang.AssertionError">
            <message>
              <![CDATA[The following asserts failed:
header text is not matched expected [Sales dashboard1] but found [Sales dashboard]]]>
            </message>
            <full-stacktrace>
              <![CDATA[java.lang.AssertionError: The following asserts failed:
header text is not matched expected [Sales dashboard1] but found [Sales dashboard]
at org.testng.asserts.SoftAssert.assertAll(SoftAssert.java:43)
at session3.LoginPageTest.loginTest(LoginPageTest.java:81)
at java.base/jdk.internal.reflect.NativeMethodAccessorImpl.invoke0(Native Method)
at java.base/jdk.internal.reflect.NativeMethodAccessorImpl.invoke(NativeMethodAccessorImpl.java:77)
at java.base/jdk.internal.reflect.DelegatingMethodAccessorImpl.invoke(DelegatingMethodAccessorImpl.java:43)
at java.base/java.lang.reflect.Method.invoke(Method.java:568)
at org.testng.internal.MethodInvocationHelper.invokeMethod(MethodInvocationHelper.java:124)
at org.testng.internal.Invoker.invokeMethod(Invoker.java:583)
at org.testng.internal.Invoker.invokeTestMethod(Invoker.java:719)
at org.testng.internal.Invoker.invokeTestMethods(Invoker.java:989)
at org.testng.internal.TestMethodWorker.invokeTestMethods(TestMethodWorker.java:125)
at org.testng.internal.TestMethodWorker.run(TestMethodWorker.java:109)
at org.testng.TestRunner.privateRun(TestRunner.java:648)
at org.testng.TestRunner.run(TestRunner.java:505)
at org.testng.SuiteRunner.runTest(SuiteRunner.java:455)
at org.testng.SuiteRunner.runSequentially(SuiteRunner.java:450)
at org.testng.SuiteRunner.privateRun(SuiteRunner.java:415)
at org.testng.SuiteRunner.run(SuiteRunner.java:364)
at org.testng.SuiteRunnerWorker.runSuite(SuiteRunnerWorker.java:52)
at org.testng.SuiteRunnerWorker.run(SuiteRunnerWorker.java:84)
at org.testng.TestNG.runSuitesSequentially(TestNG.java:1208)
at org.testng.TestNG.runSuitesLocally(TestNG.java:1137)
at org.testng.TestNG.runSuites(TestNG.java:1049)
at org.testng.TestNG.run(TestNG.java:1017)
at org.testng.remote.AbstractRemoteTestNG.run(AbstractRemoteTestNG.java:115)
at org.testng.remote.RemoteTestNG.initAndRun(RemoteTestNG.java:251)
at org.testng.remote.RemoteTestNG.main(RemoteTestNG.java:77)
]]>
            </full-stacktrace>
          </exception> <!-- java.lang.AssertionError -->
          <reporter-output>
          </reporter-output>
        </test-method> <!-- loginTest -->
        <test-method is-config="true" signature="tearDown()[pri:0, instance:session3.LoginPageTest@7a55af6b]" started-at="2023-04-24T12:45:57Z" name="tearDown" finished-at="2023-04-24T12:45:58Z" duration-ms="1057" status="PASS">
          <reporter-output>
          </reporter-output>
        </test-method> <!-- tearDown -->
      </class> <!-- session3.LoginPageTest -->
    </test> <!-- Default test -->
  </suite> <!-- Default suite -->
</testng-results>
